


ARM Macro Assembler    Page 1 


    1 00000000                 AREA             data,DATA,READONLY
    2 00000000 01 02 03 
              04       num     dcb              0x01,0x02,0x03,0x04 ;dcb binary
                                                             byte data
    3 00000004 04      len     dcb              0x4
    4 00000005         
    5 00000005                 AREA             data1,DATA,READWRITE
    6 00000000 00000000 
                       result  dcd              0x00
    7 00000004         
    8 00000004                 AREA             exp2,CODE,READONLY
    9 00000000 E59F102C        ldr              r1,=num
   10 00000004 E59F202C        ldr              r2,=len
   11 00000008 E59F302C        ldr              r3,=result
   12 0000000C E3A04000        mov              r4,#0       ;initializing the r
                                                            esult register
   13 00000010 E5925000        ldr              r5,[r2]
   14 00000014 E5D16000 
                       adding  ldrb             r6,[r1]     ;loading byte for a
                                                            ddition
   15 00000018 E0844006        add              r4,r4,r6
   16 0000001C E2811001        add              r1,r1,#0x01 ;incrementing the a
                                                            ddress to point to 
                                                            next byte
   17 00000020 E2455001        sub              r5,r5,#0x01 ;decrementing lengt
                                                            h by 1
   18 00000024 E3550000        cmp              r5,#0x00    ;checking for lengt
                                                            h to be zero
   19 00000028 1AFFFFF9        bne              adding
   20 0000002C E5834000        str              r4,[r3]
   21 00000030 EAFFFFFE 
                       e       b                e
   22 00000034                 end
              00000000 
              00000000 
              00000000 
Command Line: --debug --xref --device=DARMP --apcs=interwork -oexpt2.o -IC:\Kei
l\ARM\INC\Philips --predefine="__EVAL SETA 1" --list=expt2.lst expt2.s



ARM Macro Assembler    Page 1 Alphabetic symbol ordering
Relocatable symbols

data 00000000

Symbol: data
   Definitions
      At line 1 in file expt2.s
   Uses
      None
Comment: data unused
len 00000004

Symbol: len
   Definitions
      At line 3 in file expt2.s
   Uses
      At line 10 in file expt2.s
Comment: len used once
num 00000000

Symbol: num
   Definitions
      At line 2 in file expt2.s
   Uses
      At line 9 in file expt2.s
Comment: num used once
3 symbols



ARM Macro Assembler    Page 1 Alphabetic symbol ordering
Relocatable symbols

data1 00000000

Symbol: data1
   Definitions
      At line 5 in file expt2.s
   Uses
      None
Comment: data1 unused
result 00000000

Symbol: result
   Definitions
      At line 6 in file expt2.s
   Uses
      At line 11 in file expt2.s
Comment: result used once
2 symbols



ARM Macro Assembler    Page 1 Alphabetic symbol ordering
Relocatable symbols

adding 00000014

Symbol: adding
   Definitions
      At line 14 in file expt2.s
   Uses
      At line 19 in file expt2.s
Comment: adding used once
e 00000030

Symbol: e
   Definitions
      At line 21 in file expt2.s
   Uses
      At line 21 in file expt2.s
Comment: e used once
exp2 00000000

Symbol: exp2
   Definitions
      At line 8 in file expt2.s
   Uses
      None
Comment: exp2 unused
3 symbols
330 symbols in table
